
ROM used:   664/8192 (8%)
            664/8192 (8%) including unused fragments

            0.5 Average locations per line
            3.8 Average locations per statement

RAM used:   20/368 (5%) at main() level
            34/368 (9%) worst case

Stack used: 0 worst case (0 in main + 0 for interrupts)
Stack size: 8

Lines Stmts  %   Files
----- ----- ---  -----
  184    93  53  main.c
  629     0   0  ..\..\..\..\Program Files (x86)\PICC\Devices\16F877.h
  456    84  47  ..\..\..\..\Program Files (x86)\PICC\Drivers\lcd.c
   34     0   0  ..\..\..\..\Program Files (x86)\PICC\Drivers\stdbool.h
----- -----
 1303   177 Total

Page ROM  %  RAM   Vol Diff  Functions:
---- --- --- ---   --- ----  ----------
0     21   3    1             @delay_ms1
0      8   1    0             @const622
 Inline         3   596  5.9  lcd_read_byte
0      6   1    0    59  4.2  lcd_read_nibble
0     12   2    1   179  3.3  lcd_send_nibble
0     64  10    3   460  4.7  lcd_send_byte
0     51   8    2   667  5.9  lcd_init
0     18   3    4   208  6.3  lcd_gotoxy
0     44   7    1   354  4.7  lcd_putc
0    227  34    3  1920  4.9  sifreyiAl
0      5   1    0             @const659
0     39   6    2   255  5.7  karsilastir
0     75  11    1   431  5.0  MAIN
0      7   1    0   431  5.0  @const667
0     75  11    4             @PSTRINGC7_640
0      8   1    0             @const669
 Inline         0             @cinit1

Program metrics:
    Functions               11
    Statements              177
    Comments                242
    Volume (V)              8565
    Difficulty (D)          53.8
    Effort to implement (E) 460687
    Time to implement (T)   7 hours, 7 minutes
    Est Delivered Bugs (B)  2
    Cyclomatic Complexity   33
    Maintainability (MI)    132

 Segment     Used  Free
-----------  ----  ----
00000-00003     4  0  
00004-007FF   660  1384  
00800-00FFF     0  2048  
01000-017FF     0  2048  
01800-01FFF     0  2048  



