CCS PCM C Compiler, Version 5.007, 61971               02-Haz-23 10:49

               Filename:   D:\programmerRamoFinallyStarted\PIC_C\ders\keypad\main.lst

               ROM used:   664 words (8%)
                           Largest free fragment is 2048
               RAM used:   20 (5%) at main() level
                           34 (9%) worst case
               Stack used: 0 locations
               Stack size: 8

*
0000:  MOVLW  02
0001:  MOVWF  0A
0002:  GOTO   24D
0003:  NOP
.................... #include <16F877.h> 
.................... //////// Standard Header file for the PIC16F877 device //////////////// 
.................... #device PIC16F877 
0004:  BCF    0A.0
0005:  BCF    0A.1
0006:  BCF    0A.2
0007:  ADDWF  02,F
0008:  RETLW  28
0009:  RETLW  0C
000A:  RETLW  01
000B:  RETLW  06
000C:  BCF    0A.0
000D:  BCF    0A.1
000E:  BCF    0A.2
000F:  ADDWF  02,F
0010:  RETLW  00
0011:  DATA 0C,10
0012:  DATA F3,34
0013:  DATA 66,39
0014:  DATA 65,10
0015:  DATA C4,37
0016:  DATA 67,39
0017:  DATA 75,00
0018:  DATA 0C,10
0019:  DATA F3,34
001A:  DATA 66,39
001B:  DATA 65,10
001C:  DATA F9,30
001D:  DATA 6E,36
001E:  DATA E9,39
001F:  DATA 00,00
*
0202:  MOVF   0B,W
0203:  MOVWF  2F
0204:  BCF    0B.7
0205:  BSF    03.5
0206:  BSF    03.6
0207:  BSF    0C.7
0208:  BSF    0C.0
0209:  NOP
020A:  NOP
020B:  BCF    03.5
020C:  MOVF   0C,W
020D:  ANDLW  7F
020E:  BTFSC  03.2
020F:  GOTO   249
0210:  BCF    03.6
0211:  MOVWF  30
0212:  BSF    03.6
0213:  MOVF   0D,W
0214:  BCF    03.6
0215:  MOVWF  31
0216:  BSF    03.6
0217:  MOVF   0F,W
0218:  BCF    03.6
0219:  MOVWF  32
021A:  MOVF   30,W
021B:  MOVWF  33
021C:  CALL   0CC
021D:  MOVF   31,W
021E:  BSF    03.6
021F:  MOVWF  0D
0220:  BCF    03.6
0221:  MOVF   32,W
0222:  BSF    03.6
0223:  MOVWF  0F
0224:  BSF    03.5
0225:  BSF    0C.7
0226:  BSF    0C.0
0227:  NOP
0228:  NOP
0229:  BCF    03.5
022A:  RLF    0C,W
022B:  RLF    0E,W
022C:  ANDLW  7F
022D:  BTFSC  03.2
022E:  GOTO   249
022F:  BCF    03.6
0230:  MOVWF  30
0231:  BSF    03.6
0232:  MOVF   0D,W
0233:  BCF    03.6
0234:  MOVWF  31
0235:  BSF    03.6
0236:  MOVF   0F,W
0237:  BCF    03.6
0238:  MOVWF  32
0239:  MOVF   30,W
023A:  MOVWF  33
023B:  CALL   0CC
023C:  MOVF   31,W
023D:  BSF    03.6
023E:  MOVWF  0D
023F:  BCF    03.6
0240:  MOVF   32,W
0241:  BSF    03.6
0242:  MOVWF  0F
0243:  INCF   0D,F
0244:  BTFSC  03.2
0245:  INCF   0F,F
0246:  BCF    03.6
0247:  GOTO   205
0248:  BSF    03.6
0249:  BCF    03.6
024A:  BTFSC  2F.7
024B:  BSF    0B.7
024C:  RETURN
....................  
.................... #list 
....................  
.................... #device ADC=16 
....................  
.................... #FUSES NOWDT                    //No Watch Dog Timer 
.................... #FUSES NOBROWNOUT               //No brownout reset 
.................... #FUSES NOLVP                    //No low voltage prgming, B3(PIC16) or B5(PIC18) used for I/O 
....................  
.................... #use delay(crystal=4MHz) 
*
0020:  MOVLW  34
0021:  MOVWF  04
0022:  BCF    03.7
0023:  MOVF   00,W
0024:  BTFSC  03.2
0025:  GOTO   034
0026:  MOVLW  01
0027:  MOVWF  78
0028:  CLRF   77
0029:  DECFSZ 77,F
002A:  GOTO   029
002B:  DECFSZ 78,F
002C:  GOTO   028
002D:  MOVLW  4A
002E:  MOVWF  77
002F:  DECFSZ 77,F
0030:  GOTO   02F
0031:  GOTO   032
0032:  DECFSZ 00,F
0033:  GOTO   026
0034:  RETURN
.................... #use STANDARD_IO( D ) 
.................... #use FIXED_IO( B_outputs=PIN_B7,PIN_B6,PIN_B5,PIN_B4,PIN_B3,PIN_B2,PIN_B1,PIN_B0 ) 
....................  
.................... #define use_portb_lcd TRUE 
.................... #include <lcd.c> 
.................... /////////////////////////////////////////////////////////////////////////////// 
.................... ////                             LCD.C                                     //// 
.................... ////                 Driver for common LCD modules                         //// 
.................... ////                                                                       //// 
.................... ////  lcd_init()   Must be called before any other function.               //// 
.................... ////                                                                       //// 
.................... ////  lcd_putc(c)  Will display c on the next position of the LCD.         //// 
.................... ////                 \a  Set cursor position to upper left                 //// 
.................... ////                 \f  Clear display, set cursor to upper left           //// 
.................... ////                 \n  Go to start of second line                        //// 
.................... ////                 \b  Move back one position                            //// 
.................... ////              If LCD_EXTENDED_NEWLINE is defined, the \n character     //// 
.................... ////              will erase all remanining characters on the current      //// 
.................... ////              line, and move the cursor to the beginning of the next   //// 
.................... ////              line.                                                    //// 
.................... ////              If LCD_EXTENDED_NEWLINE is defined, the \r character     //// 
.................... ////              will move the cursor to the start of the current         //// 
.................... ////              line.                                                    //// 
.................... ////                                                                       //// 
.................... ////  lcd_gotoxy(x,y) Set write position on LCD (upper left is 1,1)        //// 
.................... ////                                                                       //// 
.................... ////  lcd_getc(x,y)   Returns character at position x,y on LCD             //// 
.................... ////                                                                       //// 
.................... ////  lcd_cursor_on(int1 on)   Turn the cursor on (on=TRUE) or off         //// 
.................... ////              (on=FALSE).                                              //// 
.................... ////                                                                       //// 
.................... ////  lcd_set_cgram_char(w, *p)   Write a custom character to the CGRAM.   //// 
.................... ////                                                                       //// 
.................... ////                                                                       //// 
.................... ////  CONFIGURATION                                                        //// 
.................... ////  The LCD can be configured in one of two ways: a.) port access or     //// 
.................... ////  b.) pin access.  Port access requires the entire 7 bit interface     //// 
.................... ////  connected to one GPIO port, and the data bits (D4:D7 of the LCD)     //// 
.................... ////  connected to sequential pins on the GPIO.  Pin access                //// 
.................... ////  has no requirements, all 7 bits of the control interface can         //// 
.................... ////  can be connected to any GPIO using several ports.                    //// 
.................... ////                                                                       //// 
.................... ////  To use port access, #define LCD_DATA_PORT to the SFR location of     //// 
.................... ////  of the GPIO port that holds the interface, -AND- edit LCD_PIN_MAP    //// 
.................... ////  of this file to configure the pin order.  If you are using a         //// 
.................... ////  baseline PIC (PCB), then LCD_OUTPUT_MAP and LCD_INPUT_MAP also must  //// 
.................... ////  be defined.                                                          //// 
.................... ////                                                                       //// 
.................... ////  Example of port access:                                              //// 
.................... ////     #define LCD_DATA_PORT getenv("SFR:PORTD")                         //// 
.................... ////                                                                       //// 
.................... ////  To use pin access, the following pins must be defined:               //// 
.................... ////     LCD_ENABLE_PIN                                                    //// 
.................... ////     LCD_RS_PIN                                                        //// 
.................... ////     LCD_RW_PIN                                                        //// 
.................... ////     LCD_DATA4                                                         //// 
.................... ////     LCD_DATA5                                                         //// 
.................... ////     LCD_DATA6                                                         //// 
.................... ////     LCD_DATA7                                                         //// 
.................... ////                                                                       //// 
.................... ////  Example of pin access:                                               //// 
.................... ////     #define LCD_ENABLE_PIN  PIN_E0                                    //// 
.................... ////     #define LCD_RS_PIN      PIN_E1                                    //// 
.................... ////     #define LCD_RW_PIN      PIN_E2                                    //// 
.................... ////     #define LCD_DATA4       PIN_D4                                    //// 
.................... ////     #define LCD_DATA5       PIN_D5                                    //// 
.................... ////     #define LCD_DATA6       PIN_D6                                    //// 
.................... ////     #define LCD_DATA7       PIN_D7                                    //// 
.................... ////                                                                       //// 
.................... /////////////////////////////////////////////////////////////////////////////// 
.................... ////        (C) Copyright 1996,2010 Custom Computer Services           //// 
.................... //// This source code may only be used by licensed users of the CCS C  //// 
.................... //// compiler.  This source code may only be distributed to other      //// 
.................... //// licensed users of the CCS C compiler.  No other use, reproduction //// 
.................... //// or distribution is permitted without written permission.          //// 
.................... //// Derivative programs created using this software in object code    //// 
.................... //// form are not restricted in any way.                               //// 
.................... /////////////////////////////////////////////////////////////////////////// 
....................  
.................... #ifndef __LCD_C__ 
.................... #define __LCD_C__ 
....................  
.................... // define the pinout. 
.................... // only required if port access is being used. 
.................... typedef struct   
.................... {                            // This structure is overlayed 
....................    int1 enable;           // on to an I/O port to gain 
....................    int1 rs;               // access to the LCD pins. 
....................    int1 rw;               // The bits are allocated from 
....................    int1 unused;           // low order up.  ENABLE will 
....................    unsigned int     data : 4;         // be LSB pin of that port. 
....................   #if defined(__PCD__)       // The port used will be LCD_DATA_PORT. 
....................    unsigned int    reserved: 8; 
....................   #endif 
.................... } LCD_PIN_MAP; 
....................  
.................... // this is to improve compatability with previous LCD drivers that accepted 
.................... // a define labeled 'use_portb_lcd' that configured the LCD onto port B. 
.................... #if ((defined(use_portb_lcd)) && (use_portb_lcd==TRUE)) 
....................  #define LCD_DATA_PORT getenv("SFR:PORTB") 
.................... #endif 
....................  
.................... #if defined(__PCB__) 
....................    // these definitions only need to be modified for baseline PICs. 
....................    // all other PICs use LCD_PIN_MAP or individual LCD_xxx pin definitions. 
.................... /*                                    EN, RS,   RW,   UNUSED,  DATA  */ 
....................  const LCD_PIN_MAP LCD_OUTPUT_MAP =  {0,  0,    0,    0,       0}; 
....................  const LCD_PIN_MAP LCD_INPUT_MAP =   {0,  0,    0,    0,       0xF}; 
.................... #endif 
....................  
.................... ////////////////////// END CONFIGURATION /////////////////////////////////// 
....................  
.................... #ifndef LCD_ENABLE_PIN 
....................    #define lcd_output_enable(x) lcdlat.enable=x 
....................    #define lcd_enable_tris()   lcdtris.enable=0 
.................... #else 
....................    #define lcd_output_enable(x) output_bit(LCD_ENABLE_PIN, x) 
....................    #define lcd_enable_tris()  output_drive(LCD_ENABLE_PIN) 
.................... #endif 
....................  
.................... #ifndef LCD_RS_PIN 
....................    #define lcd_output_rs(x) lcdlat.rs=x 
....................    #define lcd_rs_tris()   lcdtris.rs=0 
.................... #else 
....................    #define lcd_output_rs(x) output_bit(LCD_RS_PIN, x) 
....................    #define lcd_rs_tris()  output_drive(LCD_RS_PIN) 
.................... #endif 
....................  
.................... #ifndef LCD_RW_PIN 
....................    #define lcd_output_rw(x) lcdlat.rw=x 
....................    #define lcd_rw_tris()   lcdtris.rw=0 
.................... #else 
....................    #define lcd_output_rw(x) output_bit(LCD_RW_PIN, x) 
....................    #define lcd_rw_tris()  output_drive(LCD_RW_PIN) 
.................... #endif 
....................  
.................... // original version of this library incorrectly labeled LCD_DATA0 as LCD_DATA4, 
.................... // LCD_DATA1 as LCD_DATA5, and so on.  this block of code makes the driver 
.................... // compatible with any code written for the original library 
.................... #if (defined(LCD_DATA0) && defined(LCD_DATA1) && defined(LCD_DATA2) && defined(LCD_DATA3) && !defined(LCD_DATA4) && !defined(LCD_DATA5) && !defined(LCD_DATA6) && !defined(LCD_DATA7)) 
....................    #define  LCD_DATA4    LCD_DATA0 
....................    #define  LCD_DATA5    LCD_DATA1 
....................    #define  LCD_DATA6    LCD_DATA2 
....................    #define  LCD_DATA7    LCD_DATA3 
.................... #endif 
....................  
.................... #ifndef LCD_DATA4 
.................... #ifndef LCD_DATA_PORT 
....................    #if defined(__PCB__) 
....................       #define LCD_DATA_PORT      0x06     //portb 
....................       #define set_tris_lcd(x)   set_tris_b(x) 
....................    #else 
....................      #if defined(PIN_D0) 
....................       #define LCD_DATA_PORT      getenv("SFR:PORTD")     //portd 
....................      #else 
....................       #define LCD_DATA_PORT      getenv("SFR:PORTB")     //portb 
....................      #endif 
....................    #endif    
.................... #endif 
....................  
.................... #if defined(__PCB__) 
....................    LCD_PIN_MAP lcd, lcdlat; 
....................    #byte lcd = LCD_DATA_PORT 
....................    #byte lcdlat = LCD_DATA_PORT 
.................... #elif defined(__PCM__) 
....................    LCD_PIN_MAP lcd, lcdlat, lcdtris; 
....................    #byte lcd = LCD_DATA_PORT 
....................    #byte lcdlat = LCD_DATA_PORT 
....................    #byte lcdtris = LCD_DATA_PORT+0x80 
.................... #elif defined(__PCH__) 
....................    LCD_PIN_MAP lcd, lcdlat, lcdtris; 
....................    #byte lcd = LCD_DATA_PORT 
....................    #byte lcdlat = LCD_DATA_PORT+9 
....................    #byte lcdtris = LCD_DATA_PORT+0x12 
.................... #elif defined(__PCD__) 
....................    LCD_PIN_MAP lcd, lcdlat, lcdtris; 
....................    #word lcd = LCD_DATA_PORT 
....................    #word lcdlat = LCD_DATA_PORT+2 
....................    #word lcdtris = LCD_DATA_PORT-0x02 
.................... #endif 
.................... #endif   //LCD_DATA4 not defined 
....................  
.................... #ifndef LCD_TYPE 
....................    #define LCD_TYPE 2           // 0=5x7, 1=5x10, 2=2 lines 
.................... #endif 
....................  
.................... #ifndef LCD_LINE_TWO 
....................    #define LCD_LINE_TWO 0x40    // LCD RAM address for the second line 
.................... #endif 
....................  
.................... #ifndef LCD_LINE_LENGTH 
....................    #define LCD_LINE_LENGTH 20 
.................... #endif 
....................  
.................... unsigned int8 const LCD_INIT_STRING[4] = {0x20 | (LCD_TYPE << 2), 0xc, 1, 6}; 
....................                              // These bytes need to be sent to the LCD 
....................                              // to start it up. 
....................  
.................... unsigned int8 lcd_read_nibble(void); 
....................  
.................... unsigned int8 lcd_read_byte(void) 
.................... { 
....................    unsigned int8 low,high; 
....................  
....................  #if defined(__PCB__) 
....................    set_tris_lcd(LCD_INPUT_MAP); 
....................  #else 
....................   #if (defined(LCD_DATA4) && defined(LCD_DATA5) && defined(LCD_DATA6) && defined(LCD_DATA7)) 
....................    output_float(LCD_DATA4); 
....................    output_float(LCD_DATA5); 
....................    output_float(LCD_DATA6); 
....................    output_float(LCD_DATA7); 
....................   #else 
....................    lcdtris.data = 0xF; 
*
004D:  MOVLW  0F
004E:  BSF    03.5
004F:  ANDWF  06,W
0050:  IORLW  F0
0051:  MOVWF  06
....................   #endif 
....................  #endif 
....................          
....................    lcd_output_rw(1); 
0052:  BCF    03.5
0053:  BSF    06.2
....................    delay_cycles(1); 
0054:  NOP
....................    lcd_output_enable(1); 
0055:  BSF    06.0
....................    delay_cycles(1); 
0056:  NOP
....................    high = lcd_read_nibble(); 
0057:  CALL   041
0058:  MOVF   78,W
0059:  MOVWF  3B
....................        
....................    lcd_output_enable(0); 
005A:  BCF    06.0
....................    delay_cycles(1); 
005B:  NOP
....................    lcd_output_enable(1); 
005C:  BSF    06.0
....................    delay_us(1); 
005D:  NOP
....................    low = lcd_read_nibble(); 
005E:  CALL   041
005F:  MOVF   78,W
0060:  MOVWF  3A
....................        
....................    lcd_output_enable(0); 
0061:  BCF    06.0
....................  
....................  #if defined(__PCB__) 
....................    set_tris_lcd(LCD_OUTPUT_MAP); 
....................  #else 
....................   #if (defined(LCD_DATA4) && defined(LCD_DATA5) && defined(LCD_DATA6) && defined(LCD_DATA7)) 
....................    output_drive(LCD_DATA4); 
....................    output_drive(LCD_DATA5); 
....................    output_drive(LCD_DATA6); 
....................    output_drive(LCD_DATA7); 
....................   #else 
....................    lcdtris.data = 0x0; 
0062:  MOVLW  0F
0063:  BSF    03.5
0064:  ANDWF  06,W
0065:  MOVWF  06
....................   #endif 
....................  #endif 
....................  
....................    return( (high<<4) | low); 
0066:  BCF    03.5
0067:  SWAPF  3B,W
0068:  MOVWF  77
0069:  MOVLW  F0
006A:  ANDWF  77,F
006B:  MOVF   77,W
006C:  IORWF  3A,W
006D:  MOVWF  78
.................... } 
....................  
.................... unsigned int8 lcd_read_nibble(void) 
.................... { 
....................   #if (defined(LCD_DATA4) && defined(LCD_DATA5) && defined(LCD_DATA6) && defined(LCD_DATA7)) 
....................    unsigned int8 n = 0x00; 
....................  
....................    /* Read the data port */ 
....................    n |= input(LCD_DATA4); 
....................    n |= input(LCD_DATA5) << 1; 
....................    n |= input(LCD_DATA6) << 2; 
....................    n |= input(LCD_DATA7) << 3; 
....................     
....................    return(n); 
....................   #else 
....................    return(lcd.data); 
*
0041:  MOVF   06,W
0042:  MOVWF  77
0043:  SWAPF  06,W
0044:  ANDLW  0F
0045:  MOVWF  78
....................   #endif 
0046:  RETURN
.................... } 
....................  
.................... void lcd_send_nibble(unsigned int8 n) 
.................... { 
....................   #if (defined(LCD_DATA4) && defined(LCD_DATA5) && defined(LCD_DATA6) && defined(LCD_DATA7)) 
....................    /* Write to the data port */ 
....................    output_bit(LCD_DATA4, bit_test(n, 0)); 
....................    output_bit(LCD_DATA5, bit_test(n, 1)); 
....................    output_bit(LCD_DATA6, bit_test(n, 2)); 
....................    output_bit(LCD_DATA7, bit_test(n, 3)); 
....................   #else       
....................    lcdlat.data = n; 
*
0035:  SWAPF  3B,W
0036:  ANDLW  F0
0037:  MOVWF  77
0038:  MOVLW  0F
0039:  ANDWF  06,W
003A:  IORWF  77,W
003B:  MOVWF  06
....................   #endif 
....................        
....................    delay_cycles(1); 
003C:  NOP
....................    lcd_output_enable(1); 
003D:  BSF    06.0
....................    delay_us(2); 
003E:  GOTO   03F
....................    lcd_output_enable(0); 
003F:  BCF    06.0
0040:  RETURN
.................... } 
....................  
.................... void lcd_send_byte(unsigned int8 address, unsigned int8 n) 
.................... { 
....................   #if defined(__PCB__) 
....................    set_tris_lcd(LCD_OUTPUT_MAP); 
....................   #else 
....................    lcd_enable_tris(); 
*
0047:  BSF    03.5
0048:  BCF    06.0
....................    lcd_rs_tris(); 
0049:  BCF    06.1
....................    lcd_rw_tris(); 
004A:  BCF    06.2
....................   #endif 
....................  
....................    lcd_output_rs(0); 
004B:  BCF    03.5
004C:  BCF    06.1
....................    while ( bit_test(lcd_read_byte(),7) ) ; 
*
006E:  MOVF   78,W
006F:  MOVWF  3A
0070:  BTFSC  3A.7
0071:  GOTO   04D
....................    lcd_output_rs(address); 
0072:  BTFSS  38.0
0073:  BCF    06.1
0074:  BTFSC  38.0
0075:  BSF    06.1
....................    delay_cycles(1); 
0076:  NOP
....................    lcd_output_rw(0); 
0077:  BCF    06.2
....................    delay_cycles(1); 
0078:  NOP
....................    lcd_output_enable(0); 
0079:  BCF    06.0
....................    lcd_send_nibble(n >> 4); 
007A:  SWAPF  39,W
007B:  MOVWF  3A
007C:  MOVLW  0F
007D:  ANDWF  3A,F
007E:  MOVF   3A,W
007F:  MOVWF  3B
0080:  CALL   035
....................    lcd_send_nibble(n & 0xf); 
0081:  MOVF   39,W
0082:  ANDLW  0F
0083:  MOVWF  3A
0084:  MOVWF  3B
0085:  CALL   035
0086:  RETURN
.................... } 
....................  
.................... #if defined(LCD_EXTENDED_NEWLINE) 
.................... unsigned int8 g_LcdX, g_LcdY; 
.................... #endif 
....................  
.................... void lcd_init(void)  
.................... { 
....................    unsigned int8 i; 
....................  
....................  #if defined(__PCB__) 
....................    set_tris_lcd(LCD_OUTPUT_MAP); 
....................  #else 
....................   #if (defined(LCD_DATA4) && defined(LCD_DATA5) && defined(LCD_DATA6) && defined(LCD_DATA7)) 
....................    output_drive(LCD_DATA4); 
....................    output_drive(LCD_DATA5); 
....................    output_drive(LCD_DATA6); 
....................    output_drive(LCD_DATA7); 
....................   #else 
....................    lcdtris.data = 0x0; 
0087:  MOVLW  0F
0088:  BSF    03.5
0089:  ANDWF  06,W
008A:  MOVWF  06
....................   #endif 
....................    lcd_enable_tris(); 
008B:  BCF    06.0
....................    lcd_rs_tris(); 
008C:  BCF    06.1
....................    lcd_rw_tris(); 
008D:  BCF    06.2
....................  #endif 
....................  
....................    lcd_output_rs(0); 
008E:  BCF    03.5
008F:  BCF    06.1
....................    lcd_output_rw(0); 
0090:  BCF    06.2
....................    lcd_output_enable(0); 
0091:  BCF    06.0
....................      
....................    delay_ms(15); 
0092:  MOVLW  0F
0093:  MOVWF  34
0094:  CALL   020
....................    for(i=1;i<=3;++i) 
0095:  MOVLW  01
0096:  MOVWF  2F
0097:  MOVF   2F,W
0098:  SUBLW  03
0099:  BTFSS  03.0
009A:  GOTO   0A3
....................    { 
....................        lcd_send_nibble(3); 
009B:  MOVLW  03
009C:  MOVWF  3B
009D:  CALL   035
....................        delay_ms(5); 
009E:  MOVLW  05
009F:  MOVWF  34
00A0:  CALL   020
00A1:  INCF   2F,F
00A2:  GOTO   097
....................    } 
....................     
....................    lcd_send_nibble(2); 
00A3:  MOVLW  02
00A4:  MOVWF  3B
00A5:  CALL   035
....................    delay_ms(5); 
00A6:  MOVLW  05
00A7:  MOVWF  34
00A8:  CALL   020
....................    for(i=0;i<=3;++i) 
00A9:  CLRF   2F
00AA:  MOVF   2F,W
00AB:  SUBLW  03
00AC:  BTFSS  03.0
00AD:  GOTO   0B7
....................       lcd_send_byte(0,LCD_INIT_STRING[i]); 
00AE:  MOVF   2F,W
00AF:  CALL   004
00B0:  MOVWF  30
00B1:  CLRF   38
00B2:  MOVF   30,W
00B3:  MOVWF  39
00B4:  CALL   047
....................  
....................   #if defined(LCD_EXTENDED_NEWLINE) 
00B5:  INCF   2F,F
00B6:  GOTO   0AA
00B7:  BCF    0A.3
00B8:  BCF    0A.4
00B9:  GOTO   26C (RETURN)
....................    g_LcdX = 0; 
....................    g_LcdY = 0; 
....................   #endif 
.................... } 
....................  
.................... void lcd_gotoxy(unsigned int8 x, unsigned int8 y) 
.................... { 
....................    unsigned int8 address; 
....................     
....................    if(y!=1) 
00BA:  DECFSZ 35,W
00BB:  GOTO   0BD
00BC:  GOTO   0C0
....................       address=LCD_LINE_TWO; 
00BD:  MOVLW  40
00BE:  MOVWF  36
00BF:  GOTO   0C1
....................    else 
....................       address=0; 
00C0:  CLRF   36
....................       
....................    address+=x-1; 
00C1:  MOVLW  01
00C2:  SUBWF  34,W
00C3:  ADDWF  36,F
....................    lcd_send_byte(0,0x80|address); 
00C4:  MOVF   36,W
00C5:  IORLW  80
00C6:  MOVWF  37
00C7:  CLRF   38
00C8:  MOVF   37,W
00C9:  MOVWF  39
00CA:  CALL   047
....................  
....................   #if defined(LCD_EXTENDED_NEWLINE) 
00CB:  RETURN
....................    g_LcdX = x - 1; 
....................    g_LcdY = y - 1; 
....................   #endif 
.................... } 
....................  
.................... void lcd_putc(char c) 
.................... { 
....................    switch (c) 
00CC:  MOVF   33,W
00CD:  XORLW  07
00CE:  BTFSC  03.2
00CF:  GOTO   0DA
00D0:  XORLW  0B
00D1:  BTFSC  03.2
00D2:  GOTO   0DF
00D3:  XORLW  06
00D4:  BTFSC  03.2
00D5:  GOTO   0E7
00D6:  XORLW  02
00D7:  BTFSC  03.2
00D8:  GOTO   0ED
00D9:  GOTO   0F2
....................    { 
....................       case '\a'   :  lcd_gotoxy(1,1);     break; 
00DA:  MOVLW  01
00DB:  MOVWF  34
00DC:  MOVWF  35
00DD:  CALL   0BA
00DE:  GOTO   0F7
....................  
....................       case '\f'   :  lcd_send_byte(0,1); 
00DF:  CLRF   38
00E0:  MOVLW  01
00E1:  MOVWF  39
00E2:  CALL   047
....................                      delay_ms(2); 
00E3:  MOVLW  02
00E4:  MOVWF  34
00E5:  CALL   020
....................                     #if defined(LCD_EXTENDED_NEWLINE) 
....................                      g_LcdX = 0; 
....................                      g_LcdY = 0; 
....................                     #endif 
....................                      break; 
00E6:  GOTO   0F7
....................  
....................      #if defined(LCD_EXTENDED_NEWLINE) 
....................       case '\r'   :  lcd_gotoxy(1, g_LcdY+1);   break; 
....................       case '\n'   : 
....................          while (g_LcdX++ < LCD_LINE_LENGTH) 
....................          { 
....................             lcd_send_byte(1, ' '); 
....................          } 
....................          lcd_gotoxy(1, g_LcdY+2); 
....................          break; 
....................      #else 
....................       case '\n'   : lcd_gotoxy(1,2);        break; 
00E7:  MOVLW  01
00E8:  MOVWF  34
00E9:  MOVLW  02
00EA:  MOVWF  35
00EB:  CALL   0BA
00EC:  GOTO   0F7
....................      #endif 
....................       
....................       case '\b'   : lcd_send_byte(0,0x10);  break; 
00ED:  CLRF   38
00EE:  MOVLW  10
00EF:  MOVWF  39
00F0:  CALL   047
00F1:  GOTO   0F7
....................       
....................      #if defined(LCD_EXTENDED_NEWLINE) 
....................       default     :  
....................          if (g_LcdX < LCD_LINE_LENGTH) 
....................          { 
....................             lcd_send_byte(1, c); 
....................             g_LcdX++; 
....................          } 
....................          break; 
....................      #else 
....................       default     : lcd_send_byte(1,c);     break; 
00F2:  MOVLW  01
00F3:  MOVWF  38
00F4:  MOVF   33,W
00F5:  MOVWF  39
00F6:  CALL   047
....................      #endif 
....................    } 
00F7:  RETURN
.................... } 
....................   
.................... char lcd_getc(unsigned int8 x, unsigned int8 y) 
.................... { 
....................    char value; 
....................  
....................    lcd_gotoxy(x,y); 
....................    while ( bit_test(lcd_read_byte(),7) ); // wait until busy flag is low 
....................    lcd_output_rs(1); 
....................    value = lcd_read_byte(); 
....................    lcd_output_rs(0); 
....................     
....................    return(value); 
.................... } 
....................  
.................... // write a custom character to the ram 
.................... // which is 0-7 and specifies which character array we are modifying. 
.................... // ptr points to an array of 8 bytes, where each byte is the next row of 
.................... //    pixels.  only bits 0-4 are used.  the last row is the cursor row, and 
.................... //    usually you will want to leave this byte 0x00. 
.................... void lcd_set_cgram_char(unsigned int8 which, unsigned int8 *ptr) 
.................... { 
....................    unsigned int i; 
....................  
....................    which <<= 3; 
....................    which &= 0x38; 
....................  
....................    lcd_send_byte(0, 0x40 | which);  //set cgram address 
....................  
....................    for(i=0; i<8; i++) 
....................    { 
....................       lcd_send_byte(1, *ptr++); 
....................    } 
....................    
....................    #if defined(LCD_EXTENDED_NEWLINE) 
....................     lcd_gotoxy(g_LcdX+1, g_LcdY+1);  //set ddram address 
....................    #endif 
.................... } 
....................  
.................... void lcd_cursor_on(int1 on) 
.................... { 
....................    if (on) 
....................    { 
....................       lcd_send_byte(0,0x0F);           //turn LCD cursor ON 
....................    } 
....................    else 
....................    { 
....................       lcd_send_byte(0,0x0C);           //turn LCD cursor OFF 
....................    } 
.................... } 
....................  
.................... #endif 
....................  
.................... #include <stdbool.h> 
.................... /////////////////////////////////////////////////////////////////////////// 
.................... ////                                                                   //// 
.................... ////                          stdbool.h                                //// 
.................... ////                                                                   //// 
.................... //// Standard boolean definitions                                      //// 
.................... ////                                                                   //// 
.................... /////////////////////////////////////////////////////////////////////////// 
.................... ////        (C) Copyright 1996,2012 Custom Computer Services           //// 
.................... //// This source code may only be used by licensed users of the CCS C  //// 
.................... //// compiler.  This source code may only be distributed to other      //// 
.................... //// licensed users of the CCS C compiler.  No other use, reproduction //// 
.................... //// or distribution is permitted without written permission.          //// 
.................... //// Derivative programs created using this software in object code    //// 
.................... //// form are not restricted in any way.                               //// 
.................... /////////////////////////////////////////////////////////////////////////// 
....................  
.................... #ifndef __STDBOOL_H__ 
.................... #define __STDBOOL_H__ 
....................  
.................... //remove TRUE and FALSE added by CCS's device .h file 
.................... #if defined(TRUE) 
.................... #undef TRUE 
.................... #endif 
.................... #if defined(FALSE) 
.................... #undef FALSE 
.................... #endif 
....................  
.................... typedef int1   bool; 
.................... #define true   1 
.................... #define false  0 
.................... #define __bool_true_false_are_defined  1 
....................  
.................... #endif 
....................  
....................  
....................   int karakterSayisi = 0; 
....................   char asilSifre[6] = {'*','*','1','2','3','4'}; 
*
0257:  MOVLW  2A
0258:  BCF    03.5
0259:  MOVWF  21
025A:  MOVWF  22
025B:  MOVLW  31
025C:  MOVWF  23
025D:  MOVLW  32
025E:  MOVWF  24
025F:  MOVLW  33
0260:  MOVWF  25
0261:  MOVLW  34
0262:  MOVWF  26
....................   int sayac = 0; 
....................   char girilenSifre[6]; 
....................      
.................... void sifreyiAl(int basildi){ 
....................        
....................        
....................        
....................       switch(basildi){ 
*
00F8:  MOVF   2F,W
00F9:  XORLW  78
00FA:  BTFSC  03.2
00FB:  GOTO   12A
00FC:  XORLW  50
00FD:  BTFSC  03.2
00FE:  GOTO   135
00FF:  XORLW  40
0100:  BTFSC  03.2
0101:  GOTO   140
0102:  XORLW  C0
0103:  BTFSC  03.2
0104:  GOTO   14B
0105:  XORLW  B0
0106:  BTFSC  03.2
0107:  GOTO   156
0108:  XORLW  40
0109:  BTFSC  03.2
010A:  GOTO   161
010B:  XORLW  C0
010C:  BTFSC  03.2
010D:  GOTO   16C
010E:  XORLW  90
010F:  BTFSC  03.2
0110:  GOTO   177
0111:  XORLW  40
0112:  BTFSC  03.2
0113:  GOTO   182
0114:  XORLW  C0
0115:  BTFSC  03.2
0116:  GOTO   18D
0117:  XORLW  40
0118:  BTFSC  03.2
0119:  GOTO   198
011A:  XORLW  10
011B:  BTFSC  03.2
011C:  GOTO   1A3
011D:  XORLW  30
011E:  BTFSC  03.2
011F:  GOTO   1AE
0120:  XORLW  10
0121:  BTFSC  03.2
0122:  GOTO   1B9
0123:  XORLW  40
0124:  BTFSC  03.2
0125:  GOTO   1C4
0126:  XORLW  80
0127:  BTFSC  03.2
0128:  GOTO   1C5
0129:  GOTO   1D8
....................             case 0b01111000: //0 olma durumu 
....................                lcd_putc('0'); 
012A:  MOVLW  30
012B:  MOVWF  33
012C:  CALL   0CC
....................                girilenSifre[sayac]='0'; 
012D:  MOVLW  28
012E:  ADDWF  27,W
012F:  MOVWF  04
0130:  BCF    03.7
0131:  MOVLW  30
0132:  MOVWF  00
....................                sayac++; 
0133:  INCF   27,F
....................                break; 
0134:  GOTO   1D8
....................              
....................             case 0b00101000:  
....................                lcd_putc('1'); 
0135:  MOVLW  31
0136:  MOVWF  33
0137:  CALL   0CC
....................                girilenSifre[sayac]='1'; 
0138:  MOVLW  28
0139:  ADDWF  27,W
013A:  MOVWF  04
013B:  BCF    03.7
013C:  MOVLW  31
013D:  MOVWF  00
....................                sayac++; 
013E:  INCF   27,F
....................                break; 
013F:  GOTO   1D8
....................                //1 olma durumu 
....................              
....................             case 0b01101000: //2 
....................                lcd_putc('2'); 
0140:  MOVLW  32
0141:  MOVWF  33
0142:  CALL   0CC
....................                girilenSifre[sayac]='2'; 
0143:  MOVLW  28
0144:  ADDWF  27,W
0145:  MOVWF  04
0146:  BCF    03.7
0147:  MOVLW  32
0148:  MOVWF  00
....................                sayac++; 
0149:  INCF   27,F
....................                break; 
014A:  GOTO   1D8
....................             case 0b10101000: //3 
....................                lcd_putc('3'); 
014B:  MOVLW  33
014C:  MOVWF  33
014D:  CALL   0CC
....................                girilenSifre[sayac]='3'; 
014E:  MOVLW  28
014F:  ADDWF  27,W
0150:  MOVWF  04
0151:  BCF    03.7
0152:  MOVLW  33
0153:  MOVWF  00
....................                sayac++; 
0154:  INCF   27,F
....................                break; 
0155:  GOTO   1D8
....................              
....................             case 0b00011000: // 4 
....................                lcd_putc('4'); 
0156:  MOVLW  34
0157:  MOVWF  33
0158:  CALL   0CC
....................                girilenSifre[sayac]='4'; 
0159:  MOVLW  28
015A:  ADDWF  27,W
015B:  MOVWF  04
015C:  BCF    03.7
015D:  MOVLW  34
015E:  MOVWF  00
....................                sayac++; 
015F:  INCF   27,F
....................                break; 
0160:  GOTO   1D8
....................             case 0b01011000: // 5 
....................                lcd_putc('5'); 
0161:  MOVLW  35
0162:  MOVWF  33
0163:  CALL   0CC
....................                girilenSifre[sayac]='5'; 
0164:  MOVLW  28
0165:  ADDWF  27,W
0166:  MOVWF  04
0167:  BCF    03.7
0168:  MOVLW  35
0169:  MOVWF  00
....................                sayac++; 
016A:  INCF   27,F
....................                break; 
016B:  GOTO   1D8
....................             case 0b10011000: //6 
....................                lcd_putc('6'); 
016C:  MOVLW  36
016D:  MOVWF  33
016E:  CALL   0CC
....................                girilenSifre[sayac]='6'; 
016F:  MOVLW  28
0170:  ADDWF  27,W
0171:  MOVWF  04
0172:  BCF    03.7
0173:  MOVLW  36
0174:  MOVWF  00
....................                sayac++; 
0175:  INCF   27,F
....................                break; 
0176:  GOTO   1D8
....................             case 0b00001000: //7  
....................                lcd_putc('7'); 
0177:  MOVLW  37
0178:  MOVWF  33
0179:  CALL   0CC
....................                girilenSifre[sayac]='7'; 
017A:  MOVLW  28
017B:  ADDWF  27,W
017C:  MOVWF  04
017D:  BCF    03.7
017E:  MOVLW  37
017F:  MOVWF  00
....................                sayac++; 
0180:  INCF   27,F
....................                break; 
0181:  GOTO   1D8
....................             
....................             case 0b01001000: //8 
....................                lcd_putc('8'); 
0182:  MOVLW  38
0183:  MOVWF  33
0184:  CALL   0CC
....................                girilenSifre[sayac]='8'; 
0185:  MOVLW  28
0186:  ADDWF  27,W
0187:  MOVWF  04
0188:  BCF    03.7
0189:  MOVLW  38
018A:  MOVWF  00
....................                sayac++; 
018B:  INCF   27,F
....................                break; 
018C:  GOTO   1D8
....................              
....................             case 0b10001000://9 
....................                lcd_putc('9'); 
018D:  MOVLW  39
018E:  MOVWF  33
018F:  CALL   0CC
....................                girilenSifre[sayac]='9'; 
0190:  MOVLW  28
0191:  ADDWF  27,W
0192:  MOVWF  04
0193:  BCF    03.7
0194:  MOVLW  39
0195:  MOVWF  00
....................                sayac++; 
0196:  INCF   27,F
....................                break; 
0197:  GOTO   1D8
....................              
....................             case 0b11001000:// / operatoru 
....................                lcd_putc('/'); 
0198:  MOVLW  2F
0199:  MOVWF  33
019A:  CALL   0CC
....................                girilenSifre[sayac]='/'; 
019B:  MOVLW  28
019C:  ADDWF  27,W
019D:  MOVWF  04
019E:  BCF    03.7
019F:  MOVLW  2F
01A0:  MOVWF  00
....................                sayac++; 
01A1:  INCF   27,F
....................                break; 
01A2:  GOTO   1D8
....................              
....................             case 0b11011000:// *  
....................                lcd_putc('*'); 
01A3:  MOVLW  2A
01A4:  MOVWF  33
01A5:  CALL   0CC
....................                girilenSifre[sayac]='*'; 
01A6:  MOVLW  28
01A7:  ADDWF  27,W
01A8:  MOVWF  04
01A9:  BCF    03.7
01AA:  MOVLW  2A
01AB:  MOVWF  00
....................                sayac++; 
01AC:  INCF   27,F
....................                break; 
01AD:  GOTO   1D8
....................               
....................             case 0b11101000:// - 
....................                lcd_putc('-'); 
01AE:  MOVLW  2D
01AF:  MOVWF  33
01B0:  CALL   0CC
....................                girilenSifre[sayac]='-'; 
01B1:  MOVLW  28
01B2:  ADDWF  27,W
01B3:  MOVWF  04
01B4:  BCF    03.7
01B5:  MOVLW  2D
01B6:  MOVWF  00
....................                sayac++; 
01B7:  INCF   27,F
....................                break; 
01B8:  GOTO   1D8
....................             case 0b11111000:// + 
....................                lcd_putc('+'); 
01B9:  MOVLW  2B
01BA:  MOVWF  33
01BB:  CALL   0CC
....................                girilenSifre[sayac]='+'; 
01BC:  MOVLW  28
01BD:  ADDWF  27,W
01BE:  MOVWF  04
01BF:  BCF    03.7
01C0:  MOVLW  2B
01C1:  MOVWF  00
....................                sayac++; 
01C2:  INCF   27,F
....................                break; 
01C3:  GOTO   1D8
....................             case 0b10111000: // =  
....................                //printf(lcd_putc, '='); 
....................                 
....................                break; 
01C4:  GOTO   1D8
....................              
....................             case 0b00111000: // \f 
....................                lcd_putc('\f'); 
01C5:  MOVLW  0C
01C6:  MOVWF  33
01C7:  CALL   0CC
....................                girilenSifre = ""; 
01C8:  CLRF   30
01C9:  CLRF   31
01CA:  MOVLW  28
01CB:  MOVWF  04
01CC:  BCF    03.7
01CD:  MOVF   30,W
01CE:  ADDWF  04,F
01CF:  MOVF   31,W
01D0:  CALL   00C
01D1:  MOVWF  00
01D2:  IORLW  00
01D3:  BTFSC  03.2
01D4:  GOTO   1D8
01D5:  INCF   31,F
01D6:  INCF   30,F
01D7:  GOTO   1CA
....................                break; 
.................... } 
01D8:  BCF    0A.3
01D9:  BCF    0A.4
01DA:  GOTO   27F (RETURN)
....................  
....................  
.................... } 
....................  
.................... int karsilastir(){ 
01DB:  CLRF   2F
....................    int esitlikKontrolu = 0; //6 hanenin a6sý da eþitse 7deðerinde olucak ve þifre doðrulanacak 
....................    for(int i  = 0 ; i< 6;i++){ 
01DC:  CLRF   30
01DD:  MOVF   30,W
01DE:  SUBLW  05
01DF:  BTFSS  03.0
01E0:  GOTO   1F6
....................     
....................       if(girilenSifre[i] == asilSifre[i]){ 
01E1:  MOVLW  28
01E2:  ADDWF  30,W
01E3:  MOVWF  04
01E4:  BCF    03.7
01E5:  MOVF   00,W
01E6:  MOVWF  31
01E7:  MOVLW  21
01E8:  ADDWF  30,W
01E9:  MOVWF  04
01EA:  BCF    03.7
01EB:  MOVF   00,W
01EC:  SUBWF  31,W
01ED:  BTFSS  03.2
01EE:  GOTO   1F1
....................           esitlikKontrolu++; 
01EF:  INCF   2F,F
....................       }else{ 
01F0:  GOTO   1F4
....................          return 0; 
01F1:  MOVLW  00
01F2:  MOVWF  78
01F3:  GOTO   1FF
....................       } 
01F4:  INCF   30,F
01F5:  GOTO   1DD
....................      
....................    } 
....................     
....................    if(esitlikKontrolu == 6){ 
01F6:  MOVF   2F,W
01F7:  SUBLW  06
01F8:  BTFSS  03.2
01F9:  GOTO   1FD
....................       return 1; 
01FA:  MOVLW  01
01FB:  MOVWF  78
01FC:  GOTO   1FF
....................    } 
....................        
....................    return 0; 
01FD:  MOVLW  00
01FE:  MOVWF  78
01FF:  BCF    0A.3
0200:  BCF    0A.4
0201:  GOTO   286 (RETURN)
....................     
....................      
.................... } 
....................  
.................... void main() 
*
024D:  CLRF   20
024E:  CLRF   27
024F:  BSF    03.5
0250:  BSF    1F.0
0251:  BSF    1F.1
0252:  BSF    1F.2
0253:  BCF    1F.3
0254:  BCF    03.7
0255:  MOVLW  1F
0256:  ANDWF  03,F
.................... { 
....................    set_tris_d(0xff); 
*
0263:  MOVLW  FF
0264:  BSF    03.5
0265:  MOVWF  08
....................    set_tris_b(0x00); 
0266:  MOVLW  00
0267:  MOVWF  06
....................     
....................    output_b(0x00); 
0268:  CLRF   06
0269:  BCF    03.5
026A:  CLRF   06
....................    lcd_init(); 
026B:  GOTO   087
....................     
....................    while(TRUE) 
....................    { 
....................       //TODO: User Code 
....................        if(karakterSayisi == 6){ 
026C:  MOVF   20,W
026D:  SUBLW  06
026E:  BTFSC  03.2
....................             break; 
026F:  GOTO   285
....................       
....................        } 
....................      if(input(pin_D3) == 1){//D3 pini yanýyorsa kesinlikle bir butona basýlmýþtýr 
0270:  BSF    03.5
0271:  BSF    08.3
0272:  BCF    03.5
0273:  BTFSS  08.3
0274:  GOTO   284
....................       
....................          
....................          karakterSayisi++; 
0275:  INCF   20,F
....................       
....................           
....................          int basildi = input_D(); 
0276:  MOVLW  FF
0277:  BSF    03.5
0278:  MOVWF  08
0279:  BCF    03.5
027A:  MOVF   08,W
027B:  MOVWF  2E
....................          sifreyiAl(basildi);  
027C:  MOVF   2E,W
027D:  MOVWF  2F
027E:  GOTO   0F8
....................         
....................        while(input(pin_D3) == 1); 
027F:  BSF    03.5
0280:  BSF    08.3
0281:  BCF    03.5
0282:  BTFSC  08.3
0283:  GOTO   27F
....................      } 
0284:  GOTO   26C
....................         
....................           
....................       
....................    } 
....................    if(karsilastir() == 1){ 
0285:  GOTO   1DB
0286:  DECFSZ 78,W
0287:  GOTO   290
....................           
....................          printf(lcd_putc,"\f sifre Dogru"); 
0288:  MOVLW  11
0289:  BSF    03.6
028A:  MOVWF  0D
028B:  MOVLW  00
028C:  MOVWF  0F
028D:  BCF    03.6
028E:  CALL   202
....................     }else{ 
028F:  GOTO   297
....................          printf(lcd_putc,"\f sifre yanlis"); 
0290:  MOVLW  18
0291:  BSF    03.6
0292:  MOVWF  0D
0293:  MOVLW  00
0294:  MOVWF  0F
0295:  BCF    03.6
0296:  CALL   202
....................          /*for(int i = 0; i< 6; i++){ 
....................             lcd_putc(girilenSifre[i]); 
....................           
....................          }*/ 
....................     } 
....................     
....................     
....................  
.................... } 
0297:  SLEEP

Configuration Fuses:
   Word  1: 3F31   XT NOWDT PUT NOBROWNOUT NOLVP NOCPD NOWRT NODEBUG NOPROTECT
